<?xml version="1.0" encoding="UTF-8" ?>
<testsuite errors="1" failures="0" hostname="Sean-KUbuntu" name="org.intalio.tempo.deployment.impl.DeployServiceDeployTest" tests="1" time="0.0" timestamp="2009-02-26T17:29:12">
  <properties>
[...]
</properties>
  <testcase classname="org.intalio.tempo.deployment.impl.DeployServiceDeployTest" name="testDeployZip" time="0.0">
    <error message="Forked Java VM exited abnormally. Please note the time in the report does not reflect the time until the VM exit." type="junit.framework.AssertionFailedError">junit.framework.AssertionFailedError: Forked Java VM exited abnormally. Please note the time in the report does not reflect the time until the VM exit.
</error>
  </testcase>
</testsuite>
